Using pre-set license
Built from 'trunk' branch; Version is '2020.2.0a21 (3e0d5f775006) revision 4066655'; Using compiler version '192528614'; Build Type 'Release'
OS: 'Windows 10  (10.0.0) 64bit' Language: 'en' Physical Memory: 32674 MB
BatchMode: 1, IsHumanControllingUs: 0, StartBugReporterOnCrash: 0, Is64bit: 1, IsPro: 0

 COMMAND LINE ARGUMENTS:
C:\Program Files\Unity\Hub\Editor\2020.2.0a21\Editor\Unity.exe
-adb2
-batchMode
-noUpm
-name
AssetImportWorker0
-projectPath
C:/Users/paulg/Unity Projects/project
-logFile
Logs/AssetImportWorker0.log
-srvPort
54290
Successfully changed project path to: C:/Users/paulg/Unity Projects/project
C:/Users/paulg/Unity Projects/project
Using Asset Import Pipeline V2.
Refreshing native plugins compatible for Editor in 34.80 ms, found 1 plugins.
Preloading 0 native plugins for Editor in 0.00 ms.
Initialize engine version: 2020.2.0a21 (3e0d5f775006)
[Subsystems] Discovering subsystems at path C:/Program Files/Unity/Hub/Editor/2020.2.0a21/Editor/Data/Resources/UnitySubsystems
[Subsystems] Discovering subsystems at path C:/Users/paulg/Unity Projects/project/Assets
GfxDevice: creating device client; threaded=0
Direct3D:
    Version:  Direct3D 11.0 [level 11.1]
    Renderer: NVIDIA GeForce RTX 2080 Super with Max-Q Design (ID=0x1ed3)
    Vendor:   
    VRAM:     8010 MB
    Driver:   27.21.14.5191
Launched and connected shader compiler UnityShaderCompiler.exe after 0.04 seconds
Initialize mono
Mono path[0] = 'C:/Program Files/Unity/Hub/Editor/2020.2.0a21/Editor/Data/Managed'
Mono path[1] = 'C:/Program Files/Unity/Hub/Editor/2020.2.0a21/Editor/Data/MonoBleedingEdge/lib/mono/unityjit'
Mono config path = 'C:/Program Files/Unity/Hub/Editor/2020.2.0a21/Editor/Data/MonoBleedingEdge/etc'
Using monoOptions --debugger-agent=transport=dt_socket,embedding=1,server=y,suspend=n,address=127.0.0.1:56656
Begin MonoManager ReloadAssembly
Registering precompiled unity dll's ...
Register platform support module: C:/Program Files/Unity/Hub/Editor/2020.2.0a21/Editor/Data/PlaybackEngines/WindowsStandaloneSupport/UnityEditor.WindowsStandalone.Extensions.dll
Registered in 0.002262 seconds.
Native extension for WindowsStandalone target not found
Refreshing native plugins compatible for Editor in 30.01 ms, found 1 plugins.
Preloading 0 native plugins for Editor in 0.00 ms.
Invoked RoslynAnalysisRunner static constructor.
RoslynAnalysisRunner will not be running.
RoslynAnalysisRunner has terminated.
Mono: successfully reloaded assembly
- Completed reload, in  0.960 seconds
Registering precompiled user dll's ...
Registered in 0.089167 seconds.
Platform modules already initialized, skipping
Begin MonoManager ReloadAssembly
Symbol file LoadedFromMemory doesn't match image C:\Users\paulg\Unity Projects\project\Library\PackageCache\com.unity.ext.nunit@1.0.0\net35\unity-custom\nunit.framework.dll
Native extension for WindowsStandalone target not found
Refreshing native plugins compatible for Editor in 35.02 ms, found 1 plugins.
Preloading 0 native plugins for Editor in 0.00 ms.
Invoked RoslynAnalysisRunner static constructor.
RoslynAnalysisRunner will not be running.
RoslynAnalysisRunner has terminated.
Mono: successfully reloaded assembly
- Completed reload, in  0.804 seconds
Platform modules already initialized, skipping
========================================================================
Worker process is ready to serve import requests
Shader compiler: UnityShaderCompiler.exe compiler executable disappeared on thread 12012, restarting
Launched and connected shader compiler UnityShaderCompiler.exe after 0.04 seconds
Refreshing native plugins compatible for Editor in 0.32 ms, found 1 plugins.
Preloading 0 native plugins for Editor in 0.00 ms.
Unloading 2007 Unused Serialized files (Serialized files now loaded: 0)
System memory in use before: 97.6 MB.
System memory in use after: 97.7 MB.

Unloading 8 unused Assets to reduce memory usage. Loaded Objects now: 2474.
Total: 1.813300 ms (FindLiveObjects: 0.332700 ms CreateObjectMapping: 0.097600 ms MarkObjects: 1.345200 ms  DeleteObjects: 0.037000 ms)

========================================================================
Received Import Request.
  path: Assets/yumi.cs
  artifactKey: Guid(73dddaecb31b6334bb95afca1c7f110e) Importer(815301076,1909f56bfc062723c751e8b465ee728b)
Start importing Assets/yumi.cs using Guid(73dddaecb31b6334bb95afca1c7f110e) Importer(815301076,1909f56bfc062723c751e8b465ee728b)  -> (artifact id: 'aa98cc9190fc38194a65a3052d6348bd') in 0.025986 seconds
  Import took 0.029283 seconds .

AssetImportWorkerClient::OnTransportError - code=2 error=End of file
